[2025-02-14 03:01:21,586] {taskinstance.py:896} INFO - Dependencies all met for <TaskInstance: Project.task_one 2025-02-14T03:01:12.713063+00:00 [queued]>
[2025-02-14 03:01:21,596] {taskinstance.py:896} INFO - Dependencies all met for <TaskInstance: Project.task_one 2025-02-14T03:01:12.713063+00:00 [queued]>
[2025-02-14 03:01:21,597] {taskinstance.py:1087} INFO - 
--------------------------------------------------------------------------------
[2025-02-14 03:01:21,597] {taskinstance.py:1088} INFO - Starting attempt 1 of 1
[2025-02-14 03:01:21,597] {taskinstance.py:1089} INFO - 
--------------------------------------------------------------------------------
[2025-02-14 03:01:21,611] {taskinstance.py:1107} INFO - Executing <Task(PythonOperator): task_one> on 2025-02-14T03:01:12.713063+00:00
[2025-02-14 03:01:21,619] {standard_task_runner.py:76} INFO - Running: ['***', 'tasks', 'run', 'Project', 'task_one', '2025-02-14T03:01:12.713063+00:00', '--job-id', '127', '--pool', 'default_pool', '--raw', '--subdir', 'DAGS_FOLDER/assignment.py', '--cfg-path', '/tmp/tmp1i4jjkuf', '--error-file', '/tmp/tmp3dpqcdq1']
[2025-02-14 03:01:21,614] {standard_task_runner.py:52} INFO - Started process 208 to run task
[2025-02-14 03:01:21,620] {standard_task_runner.py:77} INFO - Job 127: Subtask task_one
[2025-02-14 03:01:21,667] {logging_mixin.py:104} INFO - Running <TaskInstance: Project.task_one 2025-02-14T03:01:12.713063+00:00 [running]> on host 9e3f73609008
[2025-02-14 03:01:21,718] {taskinstance.py:1302} INFO - Exporting the following env vars:
AIRFLOW_CTX_DAG_OWNER=***
AIRFLOW_CTX_DAG_ID=Project
AIRFLOW_CTX_TASK_ID=task_one
AIRFLOW_CTX_EXECUTION_DATE=2025-02-14T03:01:12.713063+00:00
AIRFLOW_CTX_DAG_RUN_ID=manual__2025-02-14T03:01:12.713063+00:00
[2025-02-14 03:01:22,200] {logging_mixin.py:104} INFO - wrote file: m1a.html
[2025-02-14 03:01:22,200] {logging_mixin.py:104} INFO - pulled: m1a.html
[2025-02-14 03:01:22,200] {logging_mixin.py:104} INFO - --- waiting ---
[2025-02-14 03:01:37,593] {logging_mixin.py:104} INFO - wrote file: m1b.html
[2025-02-14 03:01:37,593] {logging_mixin.py:104} INFO - pulled: m1b.html
[2025-02-14 03:01:37,593] {logging_mixin.py:104} INFO - --- waiting ---
[2025-02-14 03:01:53,055] {logging_mixin.py:104} INFO - wrote file: m1c.html
[2025-02-14 03:01:53,055] {logging_mixin.py:104} INFO - pulled: m1c.html
[2025-02-14 03:01:53,056] {logging_mixin.py:104} INFO - --- waiting ---
[2025-02-14 03:02:08,514] {logging_mixin.py:104} INFO - wrote file: m2a.html
[2025-02-14 03:02:08,515] {logging_mixin.py:104} INFO - pulled: m2a.html
[2025-02-14 03:02:08,515] {logging_mixin.py:104} INFO - --- waiting ---
[2025-02-14 03:02:24,011] {logging_mixin.py:104} INFO - wrote file: m2b.html
[2025-02-14 03:02:24,012] {logging_mixin.py:104} INFO - pulled: m2b.html
[2025-02-14 03:02:24,012] {logging_mixin.py:104} INFO - --- waiting ---
[2025-02-14 03:02:39,401] {logging_mixin.py:104} INFO - wrote file: m2c.html
[2025-02-14 03:02:39,402] {logging_mixin.py:104} INFO - pulled: m2c.html
[2025-02-14 03:02:39,402] {logging_mixin.py:104} INFO - --- waiting ---
[2025-02-14 03:02:54,797] {logging_mixin.py:104} INFO - wrote file: m3a.html
[2025-02-14 03:02:54,798] {logging_mixin.py:104} INFO - pulled: m3a.html
[2025-02-14 03:02:54,799] {logging_mixin.py:104} INFO - --- waiting ---
[2025-02-14 03:03:10,216] {logging_mixin.py:104} INFO - wrote file: m3b.html
[2025-02-14 03:03:10,216] {logging_mixin.py:104} INFO - pulled: m3b.html
[2025-02-14 03:03:10,217] {logging_mixin.py:104} INFO - --- waiting ---
[2025-02-14 03:03:25,601] {logging_mixin.py:104} INFO - wrote file: m4a.html
[2025-02-14 03:03:25,602] {logging_mixin.py:104} INFO - pulled: m4a.html
[2025-02-14 03:03:25,602] {logging_mixin.py:104} INFO - --- waiting ---
[2025-02-14 03:03:40,933] {logging_mixin.py:104} INFO - wrote file: m4b.html
[2025-02-14 03:03:40,934] {logging_mixin.py:104} INFO - pulled: m4b.html
[2025-02-14 03:03:40,934] {logging_mixin.py:104} INFO - --- waiting ---
[2025-02-14 03:03:56,349] {logging_mixin.py:104} INFO - wrote file: m4c.html
[2025-02-14 03:03:56,350] {logging_mixin.py:104} INFO - pulled: m4c.html
[2025-02-14 03:03:56,351] {logging_mixin.py:104} INFO - --- waiting ---
[2025-02-14 03:04:11,649] {logging_mixin.py:104} INFO - wrote file: m4d.html
[2025-02-14 03:04:11,649] {logging_mixin.py:104} INFO - pulled: m4d.html
[2025-02-14 03:04:11,649] {logging_mixin.py:104} INFO - --- waiting ---
[2025-02-14 03:04:26,962] {logging_mixin.py:104} INFO - wrote file: m4e.html
[2025-02-14 03:04:26,963] {logging_mixin.py:104} INFO - pulled: m4e.html
[2025-02-14 03:04:26,964] {logging_mixin.py:104} INFO - --- waiting ---
[2025-02-14 03:04:42,390] {logging_mixin.py:104} INFO - wrote file: m4f.html
[2025-02-14 03:04:42,391] {logging_mixin.py:104} INFO - pulled: m4f.html
[2025-02-14 03:04:42,392] {logging_mixin.py:104} INFO - --- waiting ---
[2025-02-14 03:04:58,012] {logging_mixin.py:104} INFO - wrote file: m4g.html
[2025-02-14 03:04:58,014] {logging_mixin.py:104} INFO - pulled: m4g.html
[2025-02-14 03:04:58,014] {logging_mixin.py:104} INFO - --- waiting ---
[2025-02-14 03:05:13,420] {logging_mixin.py:104} INFO - wrote file: m5a.html
[2025-02-14 03:05:13,421] {logging_mixin.py:104} INFO - pulled: m5a.html
[2025-02-14 03:05:13,421] {logging_mixin.py:104} INFO - --- waiting ---
[2025-02-14 03:05:28,778] {logging_mixin.py:104} INFO - wrote file: m5b.html
[2025-02-14 03:05:28,780] {logging_mixin.py:104} INFO - pulled: m5b.html
[2025-02-14 03:05:28,780] {logging_mixin.py:104} INFO - --- waiting ---
[2025-02-14 03:05:44,169] {logging_mixin.py:104} INFO - wrote file: m6a.html
[2025-02-14 03:05:44,170] {logging_mixin.py:104} INFO - pulled: m6a.html
[2025-02-14 03:05:44,170] {logging_mixin.py:104} INFO - --- waiting ---
[2025-02-14 03:05:59,564] {logging_mixin.py:104} INFO - wrote file: m6b.html
[2025-02-14 03:05:59,564] {logging_mixin.py:104} INFO - pulled: m6b.html
[2025-02-14 03:05:59,565] {logging_mixin.py:104} INFO - --- waiting ---
[2025-02-14 03:06:14,944] {logging_mixin.py:104} INFO - wrote file: m6c.html
[2025-02-14 03:06:14,945] {logging_mixin.py:104} INFO - pulled: m6c.html
[2025-02-14 03:06:14,945] {logging_mixin.py:104} INFO - --- waiting ---
[2025-02-14 03:06:30,515] {logging_mixin.py:104} INFO - wrote file: m7a.html
[2025-02-14 03:06:30,515] {logging_mixin.py:104} INFO - pulled: m7a.html
[2025-02-14 03:06:30,516] {logging_mixin.py:104} INFO - --- waiting ---
[2025-02-14 03:06:45,895] {logging_mixin.py:104} INFO - wrote file: m8a.html
[2025-02-14 03:06:45,896] {logging_mixin.py:104} INFO - pulled: m8a.html
[2025-02-14 03:06:45,897] {logging_mixin.py:104} INFO - --- waiting ---
[2025-02-14 03:07:01,279] {logging_mixin.py:104} INFO - wrote file: m8b.html
[2025-02-14 03:07:01,279] {logging_mixin.py:104} INFO - pulled: m8b.html
[2025-02-14 03:07:01,279] {logging_mixin.py:104} INFO - --- waiting ---
[2025-02-14 03:07:16,597] {logging_mixin.py:104} INFO - wrote file: m9a.html
[2025-02-14 03:07:16,598] {logging_mixin.py:104} INFO - pulled: m9a.html
[2025-02-14 03:07:16,599] {logging_mixin.py:104} INFO - --- waiting ---
[2025-02-14 03:07:32,218] {logging_mixin.py:104} INFO - wrote file: m9b.html
[2025-02-14 03:07:32,219] {logging_mixin.py:104} INFO - pulled: m9b.html
[2025-02-14 03:07:32,220] {logging_mixin.py:104} INFO - --- waiting ---
[2025-02-14 03:07:47,694] {logging_mixin.py:104} INFO - wrote file: m10a.html
[2025-02-14 03:07:47,695] {logging_mixin.py:104} INFO - pulled: m10a.html
[2025-02-14 03:07:47,695] {logging_mixin.py:104} INFO - --- waiting ---
[2025-02-14 03:08:03,068] {logging_mixin.py:104} INFO - wrote file: m10b.html
[2025-02-14 03:08:03,069] {logging_mixin.py:104} INFO - pulled: m10b.html
[2025-02-14 03:08:03,069] {logging_mixin.py:104} INFO - --- waiting ---
[2025-02-14 03:08:18,269] {taskinstance.py:1501} ERROR - Task failed with exception
Traceback (most recent call last):
  File "/home/airflow/.local/lib/python3.6/site-packages/airflow/models/taskinstance.py", line 1157, in _run_raw_task
    self._prepare_and_execute_task_with_callbacks(context, task)
  File "/home/airflow/.local/lib/python3.6/site-packages/airflow/models/taskinstance.py", line 1331, in _prepare_and_execute_task_with_callbacks
    result = self._execute_task(context, task_copy)
  File "/home/airflow/.local/lib/python3.6/site-packages/airflow/models/taskinstance.py", line 1361, in _execute_task
    result = task_copy.execute(context=context)
  File "/home/airflow/.local/lib/python3.6/site-packages/airflow/operators/python.py", line 150, in execute
    return_value = self.execute_callable()
  File "/home/airflow/.local/lib/python3.6/site-packages/airflow/operators/python.py", line 161, in execute_callable
    return self.python_callable(*self.op_args, **self.op_kwargs)
  File "/opt/airflow/dags/assignment.py", line 40, in catalog
    data = pull(url)
  File "/opt/airflow/dags/assignment.py", line 18, in pull
    response = urllib.request.urlopen(url).read()
  File "/usr/local/lib/python3.6/urllib/request.py", line 223, in urlopen
    return opener.open(url, data, timeout)
  File "/usr/local/lib/python3.6/urllib/request.py", line 532, in open
    response = meth(req, response)
  File "/usr/local/lib/python3.6/urllib/request.py", line 642, in http_response
    'http', request, response, code, msg, hdrs)
  File "/usr/local/lib/python3.6/urllib/request.py", line 570, in error
    return self._call_chain(*args)
  File "/usr/local/lib/python3.6/urllib/request.py", line 504, in _call_chain
    result = func(*args)
  File "/usr/local/lib/python3.6/urllib/request.py", line 650, in http_error_default
    raise HTTPError(req.full_url, code, msg, hdrs, fp)
urllib.error.HTTPError: HTTP Error 404: Not Found
[2025-02-14 03:08:18,279] {taskinstance.py:1551} INFO - Marking task as FAILED. dag_id=Project, task_id=task_one, execution_date=20250214T030112, start_date=20250214T030121, end_date=20250214T030818
[2025-02-14 03:08:18,326] {local_task_job.py:151} INFO - Task exited with return code 1
