[2025-02-14 03:15:59,818] {taskinstance.py:896} INFO - Dependencies all met for <TaskInstance: Project.task_four 2025-02-14T03:11:16.276498+00:00 [queued]>
[2025-02-14 03:15:59,833] {taskinstance.py:896} INFO - Dependencies all met for <TaskInstance: Project.task_four 2025-02-14T03:11:16.276498+00:00 [queued]>
[2025-02-14 03:15:59,833] {taskinstance.py:1087} INFO - 
--------------------------------------------------------------------------------
[2025-02-14 03:15:59,834] {taskinstance.py:1088} INFO - Starting attempt 1 of 1
[2025-02-14 03:15:59,834] {taskinstance.py:1089} INFO - 
--------------------------------------------------------------------------------
[2025-02-14 03:15:59,851] {taskinstance.py:1107} INFO - Executing <Task(PythonOperator): task_four> on 2025-02-14T03:11:16.276498+00:00
[2025-02-14 03:15:59,860] {standard_task_runner.py:76} INFO - Running: ['***', 'tasks', 'run', 'Project', 'task_four', '2025-02-14T03:11:16.276498+00:00', '--job-id', '132', '--pool', 'default_pool', '--raw', '--subdir', 'DAGS_FOLDER/assignment.py', '--cfg-path', '/tmp/tmpjtyg86xp', '--error-file', '/tmp/tmpevq3lzip']
[2025-02-14 03:15:59,855] {standard_task_runner.py:52} INFO - Started process 1649 to run task
[2025-02-14 03:15:59,862] {standard_task_runner.py:77} INFO - Job 132: Subtask task_four
[2025-02-14 03:15:59,912] {logging_mixin.py:104} INFO - Running <TaskInstance: Project.task_four 2025-02-14T03:11:16.276498+00:00 [running]> on host 9e3f73609008
[2025-02-14 03:15:59,966] {taskinstance.py:1302} INFO - Exporting the following env vars:
AIRFLOW_CTX_DAG_OWNER=***
AIRFLOW_CTX_DAG_ID=Project
AIRFLOW_CTX_TASK_ID=task_four
AIRFLOW_CTX_EXECUTION_DATE=2025-02-14T03:11:16.276498+00:00
AIRFLOW_CTX_DAG_RUN_ID=manual__2025-02-14T03:11:16.276498+00:00
[2025-02-14 03:15:59,980] {logging_mixin.py:104} INFO - wrote file: titles_clean.json
[2025-02-14 03:15:59,981] {python.py:151} INFO - Done. Returned value was: None
[2025-02-14 03:15:59,993] {taskinstance.py:1211} INFO - Marking task as SUCCESS. dag_id=Project, task_id=task_four, execution_date=20250214T031116, start_date=20250214T031559, end_date=20250214T031559
[2025-02-14 03:16:00,024] {taskinstance.py:1265} INFO - 1 downstream tasks scheduled from follow-on schedule check
[2025-02-14 03:16:00,044] {local_task_job.py:151} INFO - Task exited with return code 0
