[2025-02-14 03:01:13,460] {taskinstance.py:896} INFO - Dependencies all met for <TaskInstance: Project.task_zero 2025-02-14T03:01:12.713063+00:00 [queued]>
[2025-02-14 03:01:13,473] {taskinstance.py:896} INFO - Dependencies all met for <TaskInstance: Project.task_zero 2025-02-14T03:01:12.713063+00:00 [queued]>
[2025-02-14 03:01:13,473] {taskinstance.py:1087} INFO - 
--------------------------------------------------------------------------------
[2025-02-14 03:01:13,474] {taskinstance.py:1088} INFO - Starting attempt 1 of 3
[2025-02-14 03:01:13,474] {taskinstance.py:1089} INFO - 
--------------------------------------------------------------------------------
[2025-02-14 03:01:13,498] {taskinstance.py:1107} INFO - Executing <Task(BashOperator): task_zero> on 2025-02-14T03:01:12.713063+00:00
[2025-02-14 03:01:13,502] {standard_task_runner.py:52} INFO - Started process 177 to run task
[2025-02-14 03:01:13,506] {standard_task_runner.py:76} INFO - Running: ['***', 'tasks', 'run', 'Project', 'task_zero', '2025-02-14T03:01:12.713063+00:00', '--job-id', '125', '--pool', 'default_pool', '--raw', '--subdir', 'DAGS_FOLDER/assignment.py', '--cfg-path', '/tmp/tmp5xkg9sq7', '--error-file', '/tmp/tmpy8gbfv5z']
[2025-02-14 03:01:13,508] {standard_task_runner.py:77} INFO - Job 125: Subtask task_zero
[2025-02-14 03:01:13,555] {logging_mixin.py:104} INFO - Running <TaskInstance: Project.task_zero 2025-02-14T03:01:12.713063+00:00 [running]> on host 9e3f73609008
[2025-02-14 03:01:13,609] {taskinstance.py:1302} INFO - Exporting the following env vars:
AIRFLOW_CTX_DAG_OWNER=***
AIRFLOW_CTX_DAG_ID=Project
AIRFLOW_CTX_TASK_ID=task_zero
AIRFLOW_CTX_EXECUTION_DATE=2025-02-14T03:01:12.713063+00:00
AIRFLOW_CTX_DAG_RUN_ID=manual__2025-02-14T03:01:12.713063+00:00
[2025-02-14 03:01:13,610] {subprocess.py:52} INFO - Tmp dir root location: 
 /tmp
[2025-02-14 03:01:13,612] {subprocess.py:63} INFO - Running command: ['bash', '-c', 'pip install beautifulsoup4']
[2025-02-14 03:01:13,619] {subprocess.py:75} INFO - Output:
[2025-02-14 03:01:14,661] {subprocess.py:79} INFO - Defaulting to user installation because normal site-packages is not writeable
[2025-02-14 03:01:14,888] {subprocess.py:79} INFO - Collecting beautifulsoup4
[2025-02-14 03:01:14,892] {subprocess.py:79} INFO -   Using cached beautifulsoup4-4.12.3-py3-none-any.whl (147 kB)
[2025-02-14 03:01:14,989] {subprocess.py:79} INFO - Collecting soupsieve>1.2
[2025-02-14 03:01:14,992] {subprocess.py:79} INFO -   Using cached soupsieve-2.3.2.post1-py3-none-any.whl (37 kB)
[2025-02-14 03:01:19,925] {subprocess.py:79} INFO - Installing collected packages: soupsieve, beautifulsoup4
[2025-02-14 03:01:20,083] {subprocess.py:79} INFO - Successfully installed beautifulsoup4-4.12.3 soupsieve-2.3.2.post1
[2025-02-14 03:01:20,208] {subprocess.py:83} INFO - Command exited with return code 0
[2025-02-14 03:01:20,240] {taskinstance.py:1211} INFO - Marking task as SUCCESS. dag_id=Project, task_id=task_zero, execution_date=20250214T030112, start_date=20250214T030113, end_date=20250214T030120
[2025-02-14 03:01:20,271] {taskinstance.py:1265} INFO - 1 downstream tasks scheduled from follow-on schedule check
[2025-02-14 03:01:20,308] {local_task_job.py:151} INFO - Task exited with return code 0
