[2025-02-14 03:15:47,160] {taskinstance.py:896} INFO - Dependencies all met for <TaskInstance: Project.task_two 2025-02-14T03:11:16.276498+00:00 [queued]>
[2025-02-14 03:15:47,171] {taskinstance.py:896} INFO - Dependencies all met for <TaskInstance: Project.task_two 2025-02-14T03:11:16.276498+00:00 [queued]>
[2025-02-14 03:15:47,172] {taskinstance.py:1087} INFO - 
--------------------------------------------------------------------------------
[2025-02-14 03:15:47,172] {taskinstance.py:1088} INFO - Starting attempt 1 of 1
[2025-02-14 03:15:47,172] {taskinstance.py:1089} INFO - 
--------------------------------------------------------------------------------
[2025-02-14 03:15:47,186] {taskinstance.py:1107} INFO - Executing <Task(PythonOperator): task_two> on 2025-02-14T03:11:16.276498+00:00
[2025-02-14 03:15:47,189] {standard_task_runner.py:52} INFO - Started process 1624 to run task
[2025-02-14 03:15:47,195] {standard_task_runner.py:76} INFO - Running: ['***', 'tasks', 'run', 'Project', 'task_two', '2025-02-14T03:11:16.276498+00:00', '--job-id', '130', '--pool', 'default_pool', '--raw', '--subdir', 'DAGS_FOLDER/assignment.py', '--cfg-path', '/tmp/tmpfv59qbpi', '--error-file', '/tmp/tmp93ae5sl6']
[2025-02-14 03:15:47,196] {standard_task_runner.py:77} INFO - Job 130: Subtask task_two
[2025-02-14 03:15:47,247] {logging_mixin.py:104} INFO - Running <TaskInstance: Project.task_two 2025-02-14T03:11:16.276498+00:00 [running]> on host 9e3f73609008
[2025-02-14 03:15:47,301] {taskinstance.py:1302} INFO - Exporting the following env vars:
AIRFLOW_CTX_DAG_OWNER=***
AIRFLOW_CTX_DAG_ID=Project
AIRFLOW_CTX_TASK_ID=task_two
AIRFLOW_CTX_EXECUTION_DATE=2025-02-14T03:11:16.276498+00:00
AIRFLOW_CTX_DAG_RUN_ID=manual__2025-02-14T03:11:16.276498+00:00
[2025-02-14 03:15:47,316] {logging_mixin.py:104} INFO - Combined files into combo.txt
[2025-02-14 03:15:47,316] {python.py:151} INFO - Done. Returned value was: None
[2025-02-14 03:15:47,328] {taskinstance.py:1211} INFO - Marking task as SUCCESS. dag_id=Project, task_id=task_two, execution_date=20250214T031116, start_date=20250214T031547, end_date=20250214T031547
[2025-02-14 03:15:47,359] {taskinstance.py:1265} INFO - 1 downstream tasks scheduled from follow-on schedule check
[2025-02-14 03:15:47,378] {local_task_job.py:151} INFO - Task exited with return code 0
