[2025-02-14 03:16:01,118] {taskinstance.py:896} INFO - Dependencies all met for <TaskInstance: Project.task_five 2025-02-14T03:11:16.276498+00:00 [queued]>
[2025-02-14 03:16:01,132] {taskinstance.py:896} INFO - Dependencies all met for <TaskInstance: Project.task_five 2025-02-14T03:11:16.276498+00:00 [queued]>
[2025-02-14 03:16:01,132] {taskinstance.py:1087} INFO - 
--------------------------------------------------------------------------------
[2025-02-14 03:16:01,132] {taskinstance.py:1088} INFO - Starting attempt 1 of 1
[2025-02-14 03:16:01,133] {taskinstance.py:1089} INFO - 
--------------------------------------------------------------------------------
[2025-02-14 03:16:01,151] {taskinstance.py:1107} INFO - Executing <Task(PythonOperator): task_five> on 2025-02-14T03:11:16.276498+00:00
[2025-02-14 03:16:01,161] {standard_task_runner.py:76} INFO - Running: ['***', 'tasks', 'run', 'Project', 'task_five', '2025-02-14T03:11:16.276498+00:00', '--job-id', '133', '--pool', 'default_pool', '--raw', '--subdir', 'DAGS_FOLDER/assignment.py', '--cfg-path', '/tmp/tmplxj6pm7f', '--error-file', '/tmp/tmptc71cf0u']
[2025-02-14 03:16:01,155] {standard_task_runner.py:52} INFO - Started process 1651 to run task
[2025-02-14 03:16:01,162] {standard_task_runner.py:77} INFO - Job 133: Subtask task_five
[2025-02-14 03:16:01,210] {logging_mixin.py:104} INFO - Running <TaskInstance: Project.task_five 2025-02-14T03:11:16.276498+00:00 [running]> on host 9e3f73609008
[2025-02-14 03:16:01,266] {taskinstance.py:1302} INFO - Exporting the following env vars:
AIRFLOW_CTX_DAG_OWNER=***
AIRFLOW_CTX_DAG_ID=Project
AIRFLOW_CTX_TASK_ID=task_five
AIRFLOW_CTX_EXECUTION_DATE=2025-02-14T03:11:16.276498+00:00
AIRFLOW_CTX_DAG_RUN_ID=manual__2025-02-14T03:11:16.276498+00:00
[2025-02-14 03:16:01,272] {logging_mixin.py:104} INFO - wrote file: words.json
[2025-02-14 03:16:01,273] {python.py:151} INFO - Done. Returned value was: None
[2025-02-14 03:16:01,286] {taskinstance.py:1211} INFO - Marking task as SUCCESS. dag_id=Project, task_id=task_five, execution_date=20250214T031116, start_date=20250214T031601, end_date=20250214T031601
[2025-02-14 03:16:01,313] {taskinstance.py:1265} INFO - 0 downstream tasks scheduled from follow-on schedule check
[2025-02-14 03:16:01,346] {local_task_job.py:151} INFO - Task exited with return code 0
