[2025-02-14 02:37:04,667] {taskinstance.py:896} INFO - Dependencies all met for <TaskInstance: Project.task_zero 2025-02-14T02:37:03.578593+00:00 [queued]>
[2025-02-14 02:37:04,684] {taskinstance.py:896} INFO - Dependencies all met for <TaskInstance: Project.task_zero 2025-02-14T02:37:03.578593+00:00 [queued]>
[2025-02-14 02:37:04,684] {taskinstance.py:1087} INFO - 
--------------------------------------------------------------------------------
[2025-02-14 02:37:04,684] {taskinstance.py:1088} INFO - Starting attempt 1 of 3
[2025-02-14 02:37:04,685] {taskinstance.py:1089} INFO - 
--------------------------------------------------------------------------------
[2025-02-14 02:37:04,693] {taskinstance.py:1107} INFO - Executing <Task(BashOperator): task_zero> on 2025-02-14T02:37:03.578593+00:00
[2025-02-14 02:37:04,703] {standard_task_runner.py:76} INFO - Running: ['***', 'tasks', 'run', 'Project', 'task_zero', '2025-02-14T02:37:03.578593+00:00', '--job-id', '120', '--pool', 'default_pool', '--raw', '--subdir', 'DAGS_FOLDER/assignment.py', '--cfg-path', '/tmp/tmp3eb39fxg', '--error-file', '/tmp/tmpoqc7l9tq']
[2025-02-14 02:37:04,699] {standard_task_runner.py:52} INFO - Started process 534 to run task
[2025-02-14 02:37:04,704] {standard_task_runner.py:77} INFO - Job 120: Subtask task_zero
[2025-02-14 02:37:04,750] {logging_mixin.py:104} INFO - Running <TaskInstance: Project.task_zero 2025-02-14T02:37:03.578593+00:00 [running]> on host 86e52ee3d57a
[2025-02-14 02:37:04,802] {taskinstance.py:1302} INFO - Exporting the following env vars:
AIRFLOW_CTX_DAG_OWNER=***
AIRFLOW_CTX_DAG_ID=Project
AIRFLOW_CTX_TASK_ID=task_zero
AIRFLOW_CTX_EXECUTION_DATE=2025-02-14T02:37:03.578593+00:00
AIRFLOW_CTX_DAG_RUN_ID=manual__2025-02-14T02:37:03.578593+00:00
[2025-02-14 02:37:04,803] {subprocess.py:52} INFO - Tmp dir root location: 
 /tmp
[2025-02-14 02:37:04,805] {subprocess.py:63} INFO - Running command: ['bash', '-c', 'pip install beautifulsoup4']
[2025-02-14 02:37:04,812] {subprocess.py:75} INFO - Output:
[2025-02-14 02:37:05,827] {subprocess.py:79} INFO - Defaulting to user installation because normal site-packages is not writeable
[2025-02-14 02:37:06,072] {subprocess.py:79} INFO - Collecting beautifulsoup4
[2025-02-14 02:37:06,076] {subprocess.py:79} INFO -   Using cached beautifulsoup4-4.12.3-py3-none-any.whl (147 kB)
[2025-02-14 02:37:06,184] {subprocess.py:79} INFO - Collecting soupsieve>1.2
[2025-02-14 02:37:06,187] {subprocess.py:79} INFO -   Using cached soupsieve-2.3.2.post1-py3-none-any.whl (37 kB)
[2025-02-14 02:37:11,066] {subprocess.py:79} INFO - Installing collected packages: soupsieve, beautifulsoup4
[2025-02-14 02:37:11,238] {subprocess.py:79} INFO - Successfully installed beautifulsoup4-4.12.3 soupsieve-2.3.2.post1
[2025-02-14 02:37:11,361] {subprocess.py:83} INFO - Command exited with return code 0
[2025-02-14 02:37:11,395] {taskinstance.py:1211} INFO - Marking task as SUCCESS. dag_id=Project, task_id=task_zero, execution_date=20250214T023703, start_date=20250214T023704, end_date=20250214T023711
[2025-02-14 02:37:11,428] {taskinstance.py:1265} INFO - 1 downstream tasks scheduled from follow-on schedule check
[2025-02-14 02:37:11,452] {local_task_job.py:151} INFO - Task exited with return code 0
