[2025-02-14 03:11:25,087] {taskinstance.py:896} INFO - Dependencies all met for <TaskInstance: Project.task_one 2025-02-14T03:11:16.276498+00:00 [queued]>
[2025-02-14 03:11:25,098] {taskinstance.py:896} INFO - Dependencies all met for <TaskInstance: Project.task_one 2025-02-14T03:11:16.276498+00:00 [queued]>
[2025-02-14 03:11:25,099] {taskinstance.py:1087} INFO - 
--------------------------------------------------------------------------------
[2025-02-14 03:11:25,099] {taskinstance.py:1088} INFO - Starting attempt 1 of 1
[2025-02-14 03:11:25,099] {taskinstance.py:1089} INFO - 
--------------------------------------------------------------------------------
[2025-02-14 03:11:25,114] {taskinstance.py:1107} INFO - Executing <Task(PythonOperator): task_one> on 2025-02-14T03:11:16.276498+00:00
[2025-02-14 03:11:25,122] {standard_task_runner.py:76} INFO - Running: ['***', 'tasks', 'run', 'Project', 'task_one', '2025-02-14T03:11:16.276498+00:00', '--job-id', '129', '--pool', 'default_pool', '--raw', '--subdir', 'DAGS_FOLDER/assignment.py', '--cfg-path', '/tmp/tmp7aha0di4', '--error-file', '/tmp/tmpd5rk9det']
[2025-02-14 03:11:25,117] {standard_task_runner.py:52} INFO - Started process 1204 to run task
[2025-02-14 03:11:25,123] {standard_task_runner.py:77} INFO - Job 129: Subtask task_one
[2025-02-14 03:11:25,170] {logging_mixin.py:104} INFO - Running <TaskInstance: Project.task_one 2025-02-14T03:11:16.276498+00:00 [running]> on host 9e3f73609008
[2025-02-14 03:11:25,223] {taskinstance.py:1302} INFO - Exporting the following env vars:
AIRFLOW_CTX_DAG_OWNER=***
AIRFLOW_CTX_DAG_ID=Project
AIRFLOW_CTX_TASK_ID=task_one
AIRFLOW_CTX_EXECUTION_DATE=2025-02-14T03:11:16.276498+00:00
AIRFLOW_CTX_DAG_RUN_ID=manual__2025-02-14T03:11:16.276498+00:00
[2025-02-14 03:11:25,628] {logging_mixin.py:104} INFO - wrote file: m1a.html
[2025-02-14 03:11:25,630] {logging_mixin.py:104} INFO - pulled: m1a.html
[2025-02-14 03:11:25,630] {logging_mixin.py:104} INFO - --- waiting ---
[2025-02-14 03:11:40,937] {logging_mixin.py:104} INFO - wrote file: m1b.html
[2025-02-14 03:11:40,938] {logging_mixin.py:104} INFO - pulled: m1b.html
[2025-02-14 03:11:40,938] {logging_mixin.py:104} INFO - --- waiting ---
[2025-02-14 03:11:56,345] {logging_mixin.py:104} INFO - wrote file: m1c.html
[2025-02-14 03:11:56,345] {logging_mixin.py:104} INFO - pulled: m1c.html
[2025-02-14 03:11:56,346] {logging_mixin.py:104} INFO - --- waiting ---
[2025-02-14 03:12:11,746] {logging_mixin.py:104} INFO - wrote file: m2a.html
[2025-02-14 03:12:11,746] {logging_mixin.py:104} INFO - pulled: m2a.html
[2025-02-14 03:12:11,747] {logging_mixin.py:104} INFO - --- waiting ---
[2025-02-14 03:12:27,296] {logging_mixin.py:104} INFO - wrote file: m2b.html
[2025-02-14 03:12:27,296] {logging_mixin.py:104} INFO - pulled: m2b.html
[2025-02-14 03:12:27,296] {logging_mixin.py:104} INFO - --- waiting ---
[2025-02-14 03:12:42,693] {logging_mixin.py:104} INFO - wrote file: m2c.html
[2025-02-14 03:12:42,693] {logging_mixin.py:104} INFO - pulled: m2c.html
[2025-02-14 03:12:42,694] {logging_mixin.py:104} INFO - --- waiting ---
[2025-02-14 03:12:58,176] {logging_mixin.py:104} INFO - wrote file: m3a.html
[2025-02-14 03:12:58,177] {logging_mixin.py:104} INFO - pulled: m3a.html
[2025-02-14 03:12:58,177] {logging_mixin.py:104} INFO - --- waiting ---
[2025-02-14 03:13:13,506] {logging_mixin.py:104} INFO - wrote file: m3b.html
[2025-02-14 03:13:13,507] {logging_mixin.py:104} INFO - pulled: m3b.html
[2025-02-14 03:13:13,507] {logging_mixin.py:104} INFO - --- waiting ---
[2025-02-14 03:13:28,882] {logging_mixin.py:104} INFO - wrote file: m4a.html
[2025-02-14 03:13:28,883] {logging_mixin.py:104} INFO - pulled: m4a.html
[2025-02-14 03:13:28,883] {logging_mixin.py:104} INFO - --- waiting ---
[2025-02-14 03:13:44,195] {logging_mixin.py:104} INFO - wrote file: m4b.html
[2025-02-14 03:13:44,196] {logging_mixin.py:104} INFO - pulled: m4b.html
[2025-02-14 03:13:44,196] {logging_mixin.py:104} INFO - --- waiting ---
[2025-02-14 03:13:59,572] {logging_mixin.py:104} INFO - wrote file: m4c.html
[2025-02-14 03:13:59,573] {logging_mixin.py:104} INFO - pulled: m4c.html
[2025-02-14 03:13:59,576] {logging_mixin.py:104} INFO - --- waiting ---
[2025-02-14 03:14:14,882] {logging_mixin.py:104} INFO - wrote file: m4d.html
[2025-02-14 03:14:14,882] {logging_mixin.py:104} INFO - pulled: m4d.html
[2025-02-14 03:14:14,883] {logging_mixin.py:104} INFO - --- waiting ---
[2025-02-14 03:14:30,182] {logging_mixin.py:104} INFO - wrote file: m4e.html
[2025-02-14 03:14:30,183] {logging_mixin.py:104} INFO - pulled: m4e.html
[2025-02-14 03:14:30,184] {logging_mixin.py:104} INFO - --- waiting ---
[2025-02-14 03:14:45,545] {logging_mixin.py:104} INFO - wrote file: m4f.html
[2025-02-14 03:14:45,545] {logging_mixin.py:104} INFO - pulled: m4f.html
[2025-02-14 03:14:45,545] {logging_mixin.py:104} INFO - --- waiting ---
[2025-02-14 03:15:00,755] {logging_mixin.py:104} INFO - wrote file: m4g.html
[2025-02-14 03:15:00,756] {logging_mixin.py:104} INFO - pulled: m4g.html
[2025-02-14 03:15:00,756] {logging_mixin.py:104} INFO - --- waiting ---
[2025-02-14 03:15:16,125] {logging_mixin.py:104} INFO - wrote file: m5a.html
[2025-02-14 03:15:16,125] {logging_mixin.py:104} INFO - pulled: m5a.html
[2025-02-14 03:15:16,125] {logging_mixin.py:104} INFO - --- waiting ---
[2025-02-14 03:15:31,496] {logging_mixin.py:104} INFO - wrote file: m5b.html
[2025-02-14 03:15:31,497] {logging_mixin.py:104} INFO - pulled: m5b.html
[2025-02-14 03:15:31,498] {logging_mixin.py:104} INFO - --- waiting ---
[2025-02-14 03:15:46,518] {python.py:151} INFO - Done. Returned value was: None
[2025-02-14 03:15:46,596] {taskinstance.py:1211} INFO - Marking task as SUCCESS. dag_id=Project, task_id=task_one, execution_date=20250214T031116, start_date=20250214T031125, end_date=20250214T031546
[2025-02-14 03:15:46,641] {taskinstance.py:1265} INFO - 1 downstream tasks scheduled from follow-on schedule check
[2025-02-14 03:15:46,665] {local_task_job.py:151} INFO - Task exited with return code 0
